Performing C SOURCE FILE Test CMAKE_HAVE_LIBC_PTHREAD failed with the following output:
Change Dir: /root/workspace/keti/WAL-Manager/WAL-Manager_keti/build/CMakeFiles/CMakeScratch/TryCompile-SvrtBS

Run Build Command(s):/usr/bin/make -f Makefile cmTC_e60bc/fast && /usr/bin/make  -f CMakeFiles/cmTC_e60bc.dir/build.make CMakeFiles/cmTC_e60bc.dir/build
make[1]: Entering directory '/root/workspace/keti/WAL-Manager/WAL-Manager_keti/build/CMakeFiles/CMakeScratch/TryCompile-SvrtBS'
Building C object CMakeFiles/cmTC_e60bc.dir/src.c.o
/usr/bin/cc -DCMAKE_HAVE_LIBC_PTHREAD   -o CMakeFiles/cmTC_e60bc.dir/src.c.o -c /root/workspace/keti/WAL-Manager/WAL-Manager_keti/build/CMakeFiles/CMakeScratch/TryCompile-SvrtBS/src.c
Linking C executable cmTC_e60bc
/usr/local/bin/cmake -E cmake_link_script CMakeFiles/cmTC_e60bc.dir/link.txt --verbose=1
/usr/bin/cc CMakeFiles/cmTC_e60bc.dir/src.c.o -o cmTC_e60bc 
CMakeFiles/cmTC_e60bc.dir/src.c.o: In function `main':
src.c:(.text+0x3e): undefined reference to `pthread_create'
src.c:(.text+0x4a): undefined reference to `pthread_detach'
src.c:(.text+0x56): undefined reference to `pthread_cancel'
src.c:(.text+0x67): undefined reference to `pthread_join'
src.c:(.text+0x7b): undefined reference to `pthread_atfork'
collect2: error: ld returned 1 exit status
CMakeFiles/cmTC_e60bc.dir/build.make:98: recipe for target 'cmTC_e60bc' failed
make[1]: *** [cmTC_e60bc] Error 1
make[1]: Leaving directory '/root/workspace/keti/WAL-Manager/WAL-Manager_keti/build/CMakeFiles/CMakeScratch/TryCompile-SvrtBS'
Makefile:127: recipe for target 'cmTC_e60bc/fast' failed
make: *** [cmTC_e60bc/fast] Error 2


Source file was:
#include <pthread.h>

static void* test_func(void* data)
{
  return data;
}

int main(void)
{
  pthread_t thread;
  pthread_create(&thread, NULL, test_func, NULL);
  pthread_detach(thread);
  pthread_cancel(thread);
  pthread_join(thread, NULL);
  pthread_atfork(NULL, NULL, NULL);
  pthread_exit(NULL);

  return 0;
}


Determining if the function pthread_create exists in the pthreads failed with the following output:
Change Dir: /root/workspace/keti/WAL-Manager/WAL-Manager_keti/build/CMakeFiles/CMakeScratch/TryCompile-KT9LUn

Run Build Command(s):/usr/bin/make -f Makefile cmTC_4cf90/fast && /usr/bin/make  -f CMakeFiles/cmTC_4cf90.dir/build.make CMakeFiles/cmTC_4cf90.dir/build
make[1]: Entering directory '/root/workspace/keti/WAL-Manager/WAL-Manager_keti/build/CMakeFiles/CMakeScratch/TryCompile-KT9LUn'
Building C object CMakeFiles/cmTC_4cf90.dir/CheckFunctionExists.c.o
/usr/bin/cc   -DCHECK_FUNCTION_EXISTS=pthread_create -o CMakeFiles/cmTC_4cf90.dir/CheckFunctionExists.c.o -c /root/workspace/keti/WAL-Manager/WAL-Manager_keti/build/CMakeFiles/CMakeScratch/TryCompile-KT9LUn/CheckFunctionExists.c
Linking C executable cmTC_4cf90
/usr/local/bin/cmake -E cmake_link_script CMakeFiles/cmTC_4cf90.dir/link.txt --verbose=1
/usr/bin/cc  -DCHECK_FUNCTION_EXISTS=pthread_create CMakeFiles/cmTC_4cf90.dir/CheckFunctionExists.c.o -o cmTC_4cf90  -lpthreads 
/usr/bin/ld: cannot find -lpthreads
collect2: error: ld returned 1 exit status
CMakeFiles/cmTC_4cf90.dir/build.make:98: recipe for target 'cmTC_4cf90' failed
make[1]: *** [cmTC_4cf90] Error 1
make[1]: Leaving directory '/root/workspace/keti/WAL-Manager/WAL-Manager_keti/build/CMakeFiles/CMakeScratch/TryCompile-KT9LUn'
Makefile:127: recipe for target 'cmTC_4cf90/fast' failed
make: *** [cmTC_4cf90/fast] Error 2



